<?xml version="1.0" encoding="UTF-8"?>
<!-- Generated by org.testng.reporters.JUnitReportReporter -->
<testsuite skipped="0" hostname="AR-LT3" name="misael.GuruBankLoginNG" tests="1" failures="0" timestamp="29 Sep 2017 15:48:58 GMT" time="9.369" errors="0">
  <testcase name="f" time="9.369" classname="misael.GuruBankLoginNG"/>
</testsuite> <!-- misael.GuruBankLoginNG -->
